<?xml version="1.0" encoding="UTF-8"?>
<!-- Generated by org.testng.reporters.JUnitReportReporter -->
<testsuite hostname="VR10" failures="0" tests="3" name="allureReports.FirstAllureTest" time="16.190" errors="0" timestamp="2024-09-02T18:37:21 GMT+01:00" skipped="0">
  <testcase classname="allureReports.FirstAllureTest" name="logopresence" time="0.298"/>
  <system-out/>
  <testcase classname="allureReports.FirstAllureTest" name="registrationTest" time="9.934"/>
  <system-out/>
  <testcase classname="allureReports.FirstAllureTest" name="loginTest" time="5.958"/>
  <system-out/>
</testsuite> <!-- allureReports.FirstAllureTest -->
